<?xml version="1.0" encoding="UTF-8"?>
<!-- Generated by org.testng.reporters.JUnitXMLReporter -->
<testsuite hostname="user-PC" ignored="0" name="Login Test" tests="1" failures="1" timestamp="08 Jun 2020 12:31:59 GMT" time="23.796" errors="0">
  <testcase name="loginTest" time="16.606" classname="com.udemy.testcases.LoginTest">
    <failure type="java.lang.AssertionError" message="Login Test Failed">
      <![CDATA[java.lang.AssertionError: Login Test Failed
	at com.udemy.testcases.LoginTest.loginTest(LoginTest.java:22)
... Removed 29 stack frames]]>
    </failure>
  </testcase> <!-- loginTest -->
</testsuite> <!-- Login Test -->
